[debug] [2026-03-13T01:49:13.468Z] [Firebase Plugin] Activating Firebase extension.
[debug] [2026-03-13T01:49:15.439Z] [Firebase Plugin] requireAuthWrapper
[debug] [2026-03-13T01:49:15.442Z] > command requires scopes: ["email","openid","https://www.googleapis.com/auth/cloudplatformprojects.readonly","https://www.googleapis.com/auth/firebase","https://www.googleapis.com/auth/cloud-platform"]
[debug] [2026-03-13T01:49:15.443Z] > authorizing via signed-in user (pedrojtrillos.arq@gmail.com)
[debug] [2026-03-13T01:49:15.445Z] Checked if tokens are valid: false, expires at: 1773352355464
[debug] [2026-03-13T01:49:15.446Z] Checked if tokens are valid: false, expires at: 1773352355464
[debug] [2026-03-13T01:49:15.446Z] > refreshing access token with scopes: []
[debug] [2026-03-13T01:49:15.448Z] >>> [apiv2][query] POST https://www.googleapis.com/oauth2/v3/token [none]
[debug] [2026-03-13T01:49:15.448Z] >>> [apiv2][body] POST https://www.googleapis.com/oauth2/v3/token [omitted]
[debug] [2026-03-13T01:49:15.457Z] [Firebase Plugin] VSCode notification server listening on port 40001
[info] [Firebase Plugin] Starting Data Connect toolkit (version 3.2.1) on port 50001
[debug] [2026-03-13T01:49:16.071Z] 'fdc build' failed with error: Unable to build your Data Connect schema and connectors (exit code 1): E0312 20:49:16.044947   26328 cmd.go:43] Error loading data connect config: could not find dataconnect.yaml in `c:\Users\USUARIO\Desktop\GeovisorISER\public\dataconnect`
 {"metadata":{"emulator":{"name":"dataconnect"},"message":"'fdc build' failed with error: Unable to build your Data Connect schema and connectors (exit code 1): E0312 20:49:16.044947   26328 cmd.go:43] Error loading data connect config: could not find dataconnect.yaml in `c:\\Users\\USUARIO\\Desktop\\GeovisorISER\\public\\dataconnect`\n"}}
[debug] [2026-03-13T01:49:16.072Z] Ignoring unsupported arg: auto_download {"metadata":{"emulator":{"name":"dataconnect"},"message":"Ignoring unsupported arg: auto_download"}}
[debug] [2026-03-13T01:49:16.072Z] Ignoring unsupported arg: port {"metadata":{"emulator":{"name":"dataconnect"},"message":"Ignoring unsupported arg: port"}}
[debug] [2026-03-13T01:49:16.073Z] Starting Data Connect Emulator with command {"binary":"C:\\Users\\USUARIO\\.cache\\firebase\\emulators\\dataconnect-emulator-3.2.1.exe","args":["--logtostderr","-v=2","dev","--listen=localhost:50001","--config_dir=c:\\Users\\USUARIO\\Desktop\\GeovisorISER\\public\\dataconnect","--enable_output_schema_extensions=true","--enable_output_generated_sdk=true"],"optionalArgs":["listen","config_dir","enable_output_schema_extensions","enable_output_generated_sdk"],"joinArgs":true,"shell":false,"port":9399} {"metadata":{"emulator":{"name":"dataconnect"},"message":"Starting Data Connect Emulator with command {\"binary\":\"C:\\\\Users\\\\USUARIO\\\\.cache\\\\firebase\\\\emulators\\\\dataconnect-emulator-3.2.1.exe\",\"args\":[\"--logtostderr\",\"-v=2\",\"dev\",\"--listen=localhost:50001\",\"--config_dir=c:\\\\Users\\\\USUARIO\\\\Desktop\\\\GeovisorISER\\\\public\\\\dataconnect\",\"--enable_output_schema_extensions=true\",\"--enable_output_generated_sdk=true\"],\"optionalArgs\":[\"listen\",\"config_dir\",\"enable_output_schema_extensions\",\"enable_output_generated_sdk\"],\"joinArgs\":true,\"shell\":false,\"port\":9399}"}}
[info] i  dataconnect: Data Connect Emulator logging to dataconnect-debug.log {"metadata":{"emulator":{"name":"dataconnect"},"message":"Data Connect Emulator logging to \u001b[1mdataconnect-debug.log\u001b[22m"}}
[debug] [2026-03-13T01:49:16.161Z] E0312 20:49:16.109734   29464 dev.go:83] Failed to load initial config from "c:\\Users\\USUARIO\\Desktop\\GeovisorISER\\public\\dataconnect": could not find dataconnect.yaml in `c:\Users\USUARIO\Desktop\GeovisorISER\public\dataconnect`
E0312 20:49:16.141350   29464 watch.go:116] watchAllDir unable to walk dir `c:\Users\USUARIO\Desktop\GeovisorISER\public\dataconnect`: CreateFile c:\Users\USUARIO\Desktop\GeovisorISER\public\dataconnect: The system cannot find the file specified.
 {"metadata":{"emulator":{"name":"dataconnect"},"message":"E0312 20:49:16.109734   29464 dev.go:83] Failed to load initial config from \"c:\\\\Users\\\\USUARIO\\\\Desktop\\\\GeovisorISER\\\\public\\\\dataconnect\": could not find dataconnect.yaml in `c:\\Users\\USUARIO\\Desktop\\GeovisorISER\\public\\dataconnect`\nE0312 20:49:16.141350   29464 watch.go:116] watchAllDir unable to walk dir `c:\\Users\\USUARIO\\Desktop\\GeovisorISER\\public\\dataconnect`: CreateFile c:\\Users\\USUARIO\\Desktop\\GeovisorISER\\public\\dataconnect: The system cannot find the file specified.\n"}}
[debug] [2026-03-13T01:49:16.173Z] I0312 20:49:16.173051   29464 dev.go:104] Listening on address (HTTP + gRPC): 127.0.0.1:50001
 {"metadata":{"emulator":{"name":"dataconnect"},"message":"I0312 20:49:16.173051   29464 dev.go:104] Listening on address (HTTP + gRPC): 127.0.0.1:50001\n"}}
[debug] [2026-03-13T01:49:16.262Z] <<< [apiv2][status] POST https://www.googleapis.com/oauth2/v3/token 200
[debug] [2026-03-13T01:49:16.264Z] <<< [apiv2][body] POST https://www.googleapis.com/oauth2/v3/token [omitted]
[debug] [2026-03-13T01:49:16.292Z] [Firebase Plugin] User found:  pedrojtrillos.arq@gmail.com
[info] [Firebase Plugin] (Core:Project) New user detected, fetching projects
[debug] [2026-03-13T01:49:16.293Z] Checked if tokens are valid: true, expires at: 1773370155264
[debug] [2026-03-13T01:49:16.293Z] >>> [apiv2][query] GET https://firebase.googleapis.com/v1beta1/projects pageSize=1000
[error] [Firebase Plugin] error:  {}
[debug] [2026-03-13T01:49:16.819Z] <<< [apiv2][status] GET https://firebase.googleapis.com/v1beta1/projects 200
[debug] [2026-03-13T01:49:16.819Z] <<< [apiv2][body] GET https://firebase.googleapis.com/v1beta1/projects [omitted]
[debug] [2026-03-13T01:49:26.143Z] E0312 20:49:26.143896   29464 watch.go:40] Failed to load config from "c:\\Users\\USUARIO\\Desktop\\GeovisorISER\\public\\dataconnect": could not find dataconnect.yaml in `c:\Users\USUARIO\Desktop\GeovisorISER\public\dataconnect`
 {"metadata":{"emulator":{"name":"dataconnect"},"message":"E0312 20:49:26.143896   29464 watch.go:40] Failed to load config from \"c:\\\\Users\\\\USUARIO\\\\Desktop\\\\GeovisorISER\\\\public\\\\dataconnect\": could not find dataconnect.yaml in `c:\\Users\\USUARIO\\Desktop\\GeovisorISER\\public\\dataconnect`\n"}}
[debug] [2026-03-13T01:49:36.144Z] E0312 20:49:36.144175   29464 watch.go:40] Failed to load config from "c:\\Users\\USUARIO\\Desktop\\GeovisorISER\\public\\dataconnect": could not find dataconnect.yaml in `c:\Users\USUARIO\Desktop\GeovisorISER\public\dataconnect`
 {"metadata":{"emulator":{"name":"dataconnect"},"message":"E0312 20:49:36.144175   29464 watch.go:40] Failed to load config from \"c:\\\\Users\\\\USUARIO\\\\Desktop\\\\GeovisorISER\\\\public\\\\dataconnect\": could not find dataconnect.yaml in `c:\\Users\\USUARIO\\Desktop\\GeovisorISER\\public\\dataconnect`\n"}}
[debug] [2026-03-13T01:49:46.143Z] E0312 20:49:46.143886   29464 watch.go:40] Failed to load config from "c:\\Users\\USUARIO\\Desktop\\GeovisorISER\\public\\dataconnect": could not find dataconnect.yaml in `c:\Users\USUARIO\Desktop\GeovisorISER\public\dataconnect`
 {"metadata":{"emulator":{"name":"dataconnect"},"message":"E0312 20:49:46.143886   29464 watch.go:40] Failed to load config from \"c:\\\\Users\\\\USUARIO\\\\Desktop\\\\GeovisorISER\\\\public\\\\dataconnect\": could not find dataconnect.yaml in `c:\\Users\\USUARIO\\Desktop\\GeovisorISER\\public\\dataconnect`\n"}}
[info] [Firebase Plugin] Stopping Data Connect toolkit
